A51 MACRO ASSEMBLER  LAB05_LCDM                                                           05/19/2017 15:41:15 PAGE     1


MACRO ASSEMBLER A51 V8.00d
OBJECT MODULE PLACED IN LAB05_LCDM.OBJ
ASSEMBLER INVOKED BY: C:\Keil\C51\BIN\A51.EXE LAB05_LCDM.A51 SET(SMALL) DEBUG EP

LOC  OBJ            LINE     SOURCE

  FF2E                 1                     LCDstatus       EQU     0xFF2E
  FF2C                 2                     LCDcontrol      EQU     0xFF2C
  FF2D                 3                     LCDdataWR       EQU     0xFF2D
  FF2F                 4                     LCDdataRD       EQU 0xFF2F
                       5                     
                       6                     
                       7                     
                       8                     
                       9                     
                      10                     
                      11                     
                      12     LCDcntrlWR      MACRO x
                      13                     LOCAL loop
                      14     loop:
                      15                     MOV DPTR, #LCDstatus
                      16                     MOVX A,@DPTR
                      17                     JB ACC.7, loop                  ; check if LCD busy
                      18     
                      19                     MOV DPTR,#LCDcontrol    ; write to LCD control
                      20                     MOV A, x
                      21                     MOVX @DPTR,A
                      22                     ENDM
                      23     
                      24     LCDcharWR       MACRO
                      25                     LOCAL loop1, loop2
                      26     
                      27                     PUSH ACC
                      28     loop1:  MOV DPTR, #LCDstatus
                      29                     MOVX A, @DPTR
                      30                     JB ACC.7, loop1                 ; check if LCD busy
                      31     
                      32     loop2:  MOV DPTR, #LCDdataWR    ; write data to LCD
                      33                     POP ACC
                      34                     MOVX @DPTR,A
                      35                     ENDM
                      36     
                      37     init_LCD        MACRO
                      38                     LCDcntrlWR #0x38
                      39                     LCDcntrlWR #0x01
                      40                     LCDcntrlWR #0x0E
                      41                     ENDM
                      42     
                      43     charStor        MACRO x
                      44                     MOV A, x
                      45                     MOVX @DPTR, A
                      46                     INC DPTR
                      47                     INC R1
                      48                     ENDM
                      49     
                      50     charSeqWr       MACRO
                      51                     LOCAL loop
                      52     loop:   MOVX A, @DPTR
                      53                     LCDcharWR
                      54                     INC DPTR
                      55                     DJNZ R1, loop
                      56                     ENDM
*** WARNING #A41 IN 56 (LAB05_LCDM.A51, LINE 56): MISSING 'END' STATEMENT
A51 MACRO ASSEMBLER  LAB05_LCDM                                                           05/19/2017 15:41:15 PAGE     2

SYMBOL TABLE LISTING
------ ----- -------


N A M E             T Y P E  V A L U E   ATTRIBUTES

LCDCONTROL . . . .  N NUMB   FF2CH   A   
LCDDATARD. . . . .  N NUMB   FF2FH   A   
LCDDATAWR. . . . .  N NUMB   FF2DH   A   
LCDSTATUS. . . . .  N NUMB   FF2EH   A   


REGISTER BANK(S) USED: 0 


ASSEMBLY COMPLETE.  1 WARNING(S), 0 ERROR(S)
